<?xml version="1.0" encoding="UTF-8"?>
<testsuite xmlns:xsi="http://www.w3.org/2001/XMLSchema-instance" xsi:noNamespaceSchemaLocation="https://maven.apache.org/surefire/maven-surefire-plugin/xsd/surefire-test-report-3.0.xsd" version="3.0" name="com.gestionap.model.ContratoTest" time="0.023" tests="10" errors="0" skipped="0" failures="0">
  <properties>
[...]
</properties>
  <testcase name="isActivo_fechasNull_devuelveFalse" classname="com.gestionap.model.ContratoTest" time="0.001"/>
  <testcase name="isActivo_inicioEsHoy_devuelveTrue" classname="com.gestionap.model.ContratoTest" time="0.005"/>
  <testcase name="isActivo_soloInicioNull_devuelveFalse" classname="com.gestionap.model.ContratoTest" time="0.001"/>
  <testcase name="isActivo_finEsHoy_devuelveTrue" classname="com.gestionap.model.ContratoTest" time="0.001"/>
  <testcase name="isActivo_contratoFuturo_devuelveFalse" classname="com.gestionap.model.ContratoTest" time="0.0"/>
  <testcase name="constructor_parametros_inicializaCamposCorrectamente" classname="com.gestionap.model.ContratoTest" time="0.006"/>
  <testcase name="camposAuxiliares_setterGetter" classname="com.gestionap.model.ContratoTest" time="0.001"/>
  <testcase name="isActivo_contratoVigente_devuelveTrue" classname="com.gestionap.model.ContratoTest" time="0.001"/>
  <testcase name="isActivo_contratoExpirado_devuelveFalse" classname="com.gestionap.model.ContratoTest" time="0.0"/>
  <testcase name="toString_contieneInformacionRelevante" classname="com.gestionap.model.ContratoTest" time="0.004"/>
</testsuite>